Using pre-set license
Built from '2020.3/staging' branch; Version is '2020.3.9f1 (108be757e447) revision 1084391'; Using compiler version '192528614'; Build Type 'Release'
OS: 'Windows 10 Home Single Language; OS build 19042.1348; Version 2009; 64bit' Language: 'ru' Physical Memory: 7883 MB
BatchMode: 1, IsHumanControllingUs: 0, StartBugReporterOnCrash: 0, Is64bit: 1, IsPro: 0

 COMMAND LINE ARGUMENTS:
C:\Program Files\Unity\Hub\Editor\2020.3.9f1\Editor\Unity.exe
-adb2
-batchMode
-noUpm
-name
AssetImportWorker0
-projectPath
E:/Study/OOP/Labs/OOP-LifeSimulation/Life_simulation
-logFile
Logs/AssetImportWorker0.log
-srvPort
61321
Successfully changed project path to: E:/Study/OOP/Labs/OOP-LifeSimulation/Life_simulation
E:/Study/OOP/Labs/OOP-LifeSimulation/Life_simulation
Using Asset Import Pipeline V2.
Refreshing native plugins compatible for Editor in 53.76 ms, found 1 plugins.
Preloading 0 native plugins for Editor in 0.00 ms.
Initialize engine version: 2020.3.9f1 (108be757e447)
[Subsystems] Discovering subsystems at path C:/Program Files/Unity/Hub/Editor/2020.3.9f1/Editor/Data/Resources/UnitySubsystems
[Subsystems] Discovering subsystems at path E:/Study/OOP/Labs/OOP-LifeSimulation/Life_simulation/Assets
GfxDevice: creating device client; threaded=0
Direct3D:
    Version:  Direct3D 11.0 [level 11.0]
    Renderer: NVIDIA GeForce GTX 850M (ID=0x1391)
    Vendor:   
    VRAM:     4065 MB
    Driver:   23.21.13.8857
Initialize mono
Mono path[0] = 'C:/Program Files/Unity/Hub/Editor/2020.3.9f1/Editor/Data/Managed'
Mono path[1] = 'C:/Program Files/Unity/Hub/Editor/2020.3.9f1/Editor/Data/MonoBleedingEdge/lib/mono/unityjit'
Mono config path = 'C:/Program Files/Unity/Hub/Editor/2020.3.9f1/Editor/Data/MonoBleedingEdge/etc'
Using monoOptions --debugger-agent=transport=dt_socket,embedding=1,server=y,suspend=n,address=127.0.0.1:56292
Begin MonoManager ReloadAssembly
Registering precompiled unity dll's ...
Register platform support module: C:/Program Files/Unity/Hub/Editor/2020.3.9f1/Editor/Data/PlaybackEngines/WindowsStandaloneSupport/UnityEditor.WindowsStandalone.Extensions.dll
Registered in 0.002573 seconds.
Native extension for WindowsStandalone target not found
Refreshing native plugins compatible for Editor in 55.22 ms, found 1 plugins.
Preloading 0 native plugins for Editor in 0.00 ms.
Mono: successfully reloaded assembly
- Completed reload, in 18.679 seconds
Platform modules already initialized, skipping
Registering precompiled user dll's ...
Registered in 0.000973 seconds.
Begin MonoManager ReloadAssembly
Native extension for WindowsStandalone target not found
Refreshing native plugins compatible for Editor in 49.28 ms, found 1 plugins.
Preloading 0 native plugins for Editor in 0.00 ms.
Mono: successfully reloaded assembly
- Completed reload, in  1.378 seconds
Platform modules already initialized, skipping
========================================================================
Worker process is ready to serve import requests
Launched and connected shader compiler UnityShaderCompiler.exe after 0.15 seconds
Refreshing native plugins compatible for Editor in 0.45 ms, found 1 plugins.
Preloading 0 native plugins for Editor in 0.00 ms.
Unloading 1914 Unused Serialized files (Serialized files now loaded: 0)
System memory in use before: 89.2 MB.
System memory in use after: 89.1 MB.

Unloading 24 unused Assets to reduce memory usage. Loaded Objects now: 2358.
Total: 2.786700 ms (FindLiveObjects: 0.272000 ms CreateObjectMapping: 0.085000 ms MarkObjects: 2.197400 ms  DeleteObjects: 0.230800 ms)

========================================================================
Received Import Request.
  path: ProjectSettings/TagManager.asset
  artifactKey: Guid(00000000000000003000000000000000) Importer(815301076,1909f56bfc062723c751e8b465ee728b)
Start importing ProjectSettings/TagManager.asset using Guid(00000000000000003000000000000000) Importer(815301076,1909f56bfc062723c751e8b465ee728b)  -> (artifact id: '695265b97f1b21f4800802882bd68314') in 0.134869 seconds
  Import took 0.157074 seconds .

========================================================================
Received Import Request.
  Time since last request: 6576.568168 seconds.
  path: Assets/Code/Brains/PrimitiveBrain.cs
  artifactKey: Guid(d31649206a0ea8c408c171b068e7d02e) Importer(815301076,1909f56bfc062723c751e8b465ee728b)
Start importing Assets/Code/Brains/PrimitiveBrain.cs using Guid(d31649206a0ea8c408c171b068e7d02e) Importer(815301076,1909f56bfc062723c751e8b465ee728b)  -> (artifact id: 'd19175137c4d61ce7e6a046f4a457f52') in 0.065813 seconds
  Import took 0.303445 seconds .

========================================================================
Received Import Request.
  Time since last request: 0.050674 seconds.
  path: Assets/Code/Brains/PrimitiveBrain.cs
  artifactKey: Guid(d31649206a0ea8c408c171b068e7d02e) Importer(815301076,1909f56bfc062723c751e8b465ee728b)
Start importing Assets/Code/Brains/PrimitiveBrain.cs using Guid(d31649206a0ea8c408c171b068e7d02e) Importer(815301076,1909f56bfc062723c751e8b465ee728b)  -> (artifact id: 'd19175137c4d61ce7e6a046f4a457f52') in 0.002199 seconds
  Import took 0.072235 seconds .

========================================================================
Received Import Request.
  Time since last request: 9.668405 seconds.
  path: Assets/Code/Brains/PrimitiveAnimalBrain.cs
  artifactKey: Guid(d31649206a0ea8c408c171b068e7d02e) Importer(815301076,1909f56bfc062723c751e8b465ee728b)
Start importing Assets/Code/Brains/PrimitiveAnimalBrain.cs using Guid(d31649206a0ea8c408c171b068e7d02e) Importer(815301076,1909f56bfc062723c751e8b465ee728b)  -> (artifact id: '9db7c8437000142b5f9decd49e5fe8a7') in 0.001901 seconds
  Import took 0.031771 seconds .

========================================================================
Received Import Request.
  Time since last request: 726.545455 seconds.
  path: Assets/Code/Brains/PrimitiveAnimalBrain.cs
  artifactKey: Guid(d31649206a0ea8c408c171b068e7d02e) Importer(815301076,1909f56bfc062723c751e8b465ee728b)
Start importing Assets/Code/Brains/PrimitiveAnimalBrain.cs using Guid(d31649206a0ea8c408c171b068e7d02e) Importer(815301076,1909f56bfc062723c751e8b465ee728b)  -> (artifact id: '4fffcf5af8d98e1892a974f40c66f93f') in 0.001972 seconds
  Import took 0.032272 seconds .

========================================================================
Received Prepare
Registering precompiled user dll's ...
Registered in 0.034067 seconds.
Begin MonoManager ReloadAssembly
Native extension for WindowsStandalone target not found
Refreshing native plugins compatible for Editor in 0.62 ms, found 1 plugins.
Preloading 0 native plugins for Editor in 0.00 ms.
Mono: successfully reloaded assembly
- Completed reload, in  1.431 seconds
Platform modules already initialized, skipping
Refreshing native plugins compatible for Editor in 0.47 ms, found 1 plugins.
Preloading 0 native plugins for Editor in 0.00 ms.
Unloading 1896 Unused Serialized files (Serialized files now loaded: 0)
System memory in use before: 87.9 MB.
System memory in use after: 87.9 MB.

Unloading 13 unused Assets to reduce memory usage. Loaded Objects now: 2362.
Total: 7.607500 ms (FindLiveObjects: 0.302800 ms CreateObjectMapping: 0.173400 ms MarkObjects: 6.776600 ms  DeleteObjects: 0.352100 ms)

========================================================================
Received Prepare
Registering precompiled user dll's ...
Registered in 0.287944 seconds.
Begin MonoManager ReloadAssembly
Native extension for WindowsStandalone target not found
Refreshing native plugins compatible for Editor in 0.52 ms, found 1 plugins.
Preloading 0 native plugins for Editor in 0.00 ms.
Mono: successfully reloaded assembly
- Completed reload, in  1.630 seconds
Platform modules already initialized, skipping
Refreshing native plugins compatible for Editor in 0.50 ms, found 1 plugins.
Preloading 0 native plugins for Editor in 0.00 ms.
Unloading 1896 Unused Serialized files (Serialized files now loaded: 0)
System memory in use before: 87.9 MB.
System memory in use after: 87.9 MB.

Unloading 12 unused Assets to reduce memory usage. Loaded Objects now: 2366.
Total: 147.540200 ms (FindLiveObjects: 0.261700 ms CreateObjectMapping: 0.094500 ms MarkObjects: 135.203700 ms  DeleteObjects: 11.978000 ms)

